
**** Build of configuration Nios II for project grab_interface ****

make mem_init_generate 
Info: Compiling grab_interface.c to obj/default/grab_interface.o
nios2-elf-gcc -xc -MP -MMD -c -I../grab_interface_bsp//HAL/inc -I../grab_interface_bsp/ -I../grab_interface_bsp//drivers/inc  -DSYSTEM_BUS_WIDTH=32 -pipe -D__hal__ -DALT_NO_C_PLUS_PLUS -DALT_NO_INSTRUCTION_EMULATION -DALT_USE_SMALL_DRIVERS -DSMALL_C_LIB -DALT_SINGLE_THREADED    -O0 -g -Wall   -EL -mno-hw-div -mhw-mul -mno-hw-mulx  -o obj/default/grab_interface.o grab_interface.c
Info: Building ../grab_interface_bsp/
make --no-print-directory -C ../grab_interface_bsp/
[BSP build complete]
Info: Linking grab_interface.elf
nios2-elf-g++  -T'../grab_interface_bsp//linker.x' -msys-crt0='../grab_interface_bsp//obj/HAL/src/crt0.o' -msys-lib=hal_bsp -L../grab_interface_bsp/  -msmallc  -Wl,-Map=grab_interface.map   -O0 -g -Wall   -EL -mno-hw-div -mhw-mul -mno-hw-mulx  -o grab_interface.elf obj/default/grab_interface.o -lm 
nios2-elf-insert grab_interface.elf --thread_model hal --cpu_name cpu --qsys true --simulation_enabled false --id 7 --sidp 0x80 --timestamp 1383176735 --stderr_dev jtag_uart --stdin_dev jtag_uart --stdout_dev jtag_uart --sopc_system_name first_nios2_system --quartus_project_dir "C:/Users/pwhite8/vlsi/fpga" --jdi C:/Users/pwhite8/vlsi/fpga/DE2_BaseProject.jdi --sopcinfo C:/Users/pwhite8/vlsi/fpga/first_nios2_system.sopcinfo
Info: (grab_interface.elf) 7544 Bytes program size (code + initialized data).
Info:                      11 KBytes free for stack + heap.
Post-processing to create mem_init/first_nios2_system_onchip_mem.hex...
bash -c 'elf2hex grab_interface.elf 0x00080000 0x00084fff --width=32 \
		--little-endian-mem --create-lanes=0  mem_init/first_nios2_system_onchip_mem.hex'
Post-processing to create mem_init/hdl_sim/new_sdram_controller_0.dat...
bash -c 'elf2dat --infile=grab_interface.elf --outfile=mem_init/hdl_sim/new_sdram_controller_0.dat \
		--base=0x00800000 --end=0x00ffffff --width=16 \
		--little-endian-mem --create-lanes=0 '
Post-processing to create mem_init/hdl_sim/first_nios2_system_onchip_mem.dat...
bash -c 'elf2dat --infile=grab_interface.elf --outfile=mem_init/hdl_sim/first_nios2_system_onchip_mem.dat \
		--base=0x00080000 --end=0x00084fff --width=32 \
		--little-endian-mem --create-lanes=0 '
Post-processing to create mem_init/hdl_sim/new_sdram_controller_0.sym...
nios2-elf-nm -n grab_interface.elf > mem_init/hdl_sim/new_sdram_controller_0.sym
Post-processing to create mem_init/hdl_sim/first_nios2_system_onchip_mem.sym...
nios2-elf-nm -n grab_interface.elf > mem_init/hdl_sim/first_nios2_system_onchip_mem.sym

**** Build Finished ****
