
**** Build of configuration Nios II for project nameless_3 ****

make mem_init_generate 
Info: Compiling program.c to obj/default/program.o
nios2-elf-gcc -xc -MP -MMD -c -I../nameless_3_bsp//HAL/inc -I../nameless_3_bsp/ -I../nameless_3_bsp//drivers/inc  -DSYSTEM_BUS_WIDTH=32 -pipe -D__hal__ -DALT_NO_C_PLUS_PLUS -DALT_NO_INSTRUCTION_EMULATION -DALT_USE_SMALL_DRIVERS -DSMALL_C_LIB -DALT_SINGLE_THREADED    -O0 -g -Wall   -EL -mno-hw-div -mhw-mul -mno-hw-mulx  -o obj/default/program.o program.c
program.c: In function 'main':
Info: Building ../nameless_3_bsp/
program.c:33: warning: unused variable 'data'
make --no-print-directory -C ../nameless_3_bsp/
program.c:31: warning: unused variable 'toggle'
program.c:30: warning: unused variable 'offset'
program.c:29: warning: unused variable 'readdata'
[BSP build complete]
Info: Linking nameless_3.elf
nios2-elf-g++  -T'../nameless_3_bsp//linker.x' -msys-crt0='../nameless_3_bsp//obj/HAL/src/crt0.o' -msys-lib=hal_bsp -L../nameless_3_bsp/  -msmallc  -Wl,-Map=nameless_3.map   -O0 -g -Wall   -EL -mno-hw-div -mhw-mul -mno-hw-mulx  -o nameless_3.elf obj/default/program.o -lm 
nios2-elf-insert nameless_3.elf --thread_model hal --cpu_name cpu --qsys true --simulation_enabled false --id 7 --sidp 0x80 --timestamp 1383836979 --stderr_dev jtag_uart --stdin_dev jtag_uart --stdout_dev jtag_uart --sopc_system_name first_nios2_system --quartus_project_dir "C:/Users/pwhite8/vlsi/fpga" --jdi C:/Users/pwhite8/vlsi/fpga/DE2_BaseProject.jdi --sopcinfo C:/Users/pwhite8/vlsi/fpga/first_nios2_system.sopcinfo
Info: (nameless_3.elf) 7448 Bytes program size (code + initialized data).
Info:                  12 KBytes free for stack + heap.
Post-processing to create mem_init/first_nios2_system_onchip_mem.hex...
bash -c 'elf2hex nameless_3.elf 0x00080000 0x00084fff --width=32 \
		--little-endian-mem --create-lanes=0  mem_init/first_nios2_system_onchip_mem.hex'
Post-processing to create mem_init/hdl_sim/new_sdram_controller_0.dat...
bash -c 'elf2dat --infile=nameless_3.elf --outfile=mem_init/hdl_sim/new_sdram_controller_0.dat \
		--base=0x00800000 --end=0x00ffffff --width=16 \
		--little-endian-mem --create-lanes=0 '
Post-processing to create mem_init/hdl_sim/first_nios2_system_onchip_mem.dat...
bash -c 'elf2dat --infile=nameless_3.elf --outfile=mem_init/hdl_sim/first_nios2_system_onchip_mem.dat \
		--base=0x00080000 --end=0x00084fff --width=32 \
		--little-endian-mem --create-lanes=0 '
Post-processing to create mem_init/hdl_sim/new_sdram_controller_0.sym...
nios2-elf-nm -n nameless_3.elf > mem_init/hdl_sim/new_sdram_controller_0.sym
Post-processing to create mem_init/hdl_sim/first_nios2_system_onchip_mem.sym...
nios2-elf-nm -n nameless_3.elf > mem_init/hdl_sim/first_nios2_system_onchip_mem.sym

**** Build Finished ****
