MIF/HEX Update report for DE2_BaseProject
Sat Dec 07 22:06:41 2013
Quartus II 64-Bit Version 13.0.0 Build 156 04/24/2013 SJ Full Version


---------------------
; Table of Contents ;
---------------------
  1. Legal Notice
  2. MIF/HEX Update Summary
  3. MIF/HEX Update Processed Files
  4. MIF/HEX Update Messages



----------------
; Legal Notice ;
----------------
Copyright (C) 1991-2013 Altera Corporation
Your use of Altera Corporation's design tools, logic functions 
and other software and tools, and its AMPP partner logic 
functions, and any output files from any of the foregoing 
(including device programming or simulation files), and any 
associated documentation or information are expressly subject 
to the terms and conditions of the Altera Program License 
Subscription Agreement, Altera MegaCore Function License 
Agreement, or other applicable license agreement, including, 
without limitation, that your use is for the sole purpose of 
programming logic devices manufactured by Altera and sold by 
Altera or its authorized distributors.  Please refer to the 
applicable agreement for further details.



+---------------------------------------------------------------+
; MIF/HEX Update Summary                                        ;
+-----------------------+---------------------------------------+
; MIF/HEX Update Status ; Successful - Sat Dec 07 22:06:40 2013 ;
; Revision Name         ; DE2_BaseProject                       ;
; Top-level Entity Name ; DE2_TOP                               ;
; Family                ; Cyclone II                            ;
; Device                ; EP2C35F672C6                          ;
+-----------------------+---------------------------------------+


+----------------------------------------------------------------------------------------+
; MIF/HEX Update Processed Files                                                         ;
+----------------------------------------------------------------------------------------+
; File Name                                                                              ;
+----------------------------------------------------------------------------------------+
; C:/Users/pwhite8/vlsi/fpga/final_fpga/software/FPGA/mem_init/final_fpga_onchip_mem.hex ;
+----------------------------------------------------------------------------------------+


+-------------------------+
; MIF/HEX Update Messages ;
+-------------------------+
Info: *******************************************************************
Info: Running Quartus II 64-Bit MIF/HEX Update
    Info: Version 13.0.0 Build 156 04/24/2013 SJ Full Version
    Info: Processing started: Sat Dec 07 22:06:35 2013
Info: Command: quartus_cdb DE2_BaseProject -c DE2_BaseProject --update_mif
Warning (39023): Can't find Memory Initialization File final_fpga_cpu_ic_tag_ram.mif -- skipped updates for this file
Warning (39023): Can't find Memory Initialization File final_fpga_cpu_rf_ram_a.mif -- skipped updates for this file
Warning (39023): Can't find Memory Initialization File final_fpga_cpu_rf_ram_b.mif -- skipped updates for this file
Warning (39023): Can't find Memory Initialization File final_fpga_cpu_ociram_default_contents.mif -- skipped updates for this file
Warning (39023): Can't find Memory Initialization File /dev/null -- skipped updates for this file
Warning (113015): Width of data items in "final_fpga_onchip_mem.hex" is greater than the memory width. Wrapping data items to subsequent addresses. Found 640 warnings, reporting 10
    Warning (113009): Data at line (2) of memory initialization file "final_fpga_onchip_mem.hex" is too wide to fit in one memory word. Wrapping data to subsequent addresses.
    Warning (113009): Data at line (3) of memory initialization file "final_fpga_onchip_mem.hex" is too wide to fit in one memory word. Wrapping data to subsequent addresses.
    Warning (113009): Data at line (4) of memory initialization file "final_fpga_onchip_mem.hex" is too wide to fit in one memory word. Wrapping data to subsequent addresses.
    Warning (113009): Data at line (5) of memory initialization file "final_fpga_onchip_mem.hex" is too wide to fit in one memory word. Wrapping data to subsequent addresses.
    Warning (113009): Data at line (6) of memory initialization file "final_fpga_onchip_mem.hex" is too wide to fit in one memory word. Wrapping data to subsequent addresses.
    Warning (113009): Data at line (7) of memory initialization file "final_fpga_onchip_mem.hex" is too wide to fit in one memory word. Wrapping data to subsequent addresses.
    Warning (113009): Data at line (8) of memory initialization file "final_fpga_onchip_mem.hex" is too wide to fit in one memory word. Wrapping data to subsequent addresses.
    Warning (113009): Data at line (9) of memory initialization file "final_fpga_onchip_mem.hex" is too wide to fit in one memory word. Wrapping data to subsequent addresses.
    Warning (113009): Data at line (10) of memory initialization file "final_fpga_onchip_mem.hex" is too wide to fit in one memory word. Wrapping data to subsequent addresses.
    Warning (113009): Data at line (11) of memory initialization file "final_fpga_onchip_mem.hex" is too wide to fit in one memory word. Wrapping data to subsequent addresses.
Info (39024): Processed the following Memory Initialization File(s)
    Info (39025): Processed Memory Initialization File C:/Users/pwhite8/vlsi/fpga/final_fpga/software/FPGA/mem_init/final_fpga_onchip_mem.hex
Info: Quartus II 64-Bit MIF/HEX Update was successful. 0 errors, 16 warnings
    Info: Peak virtual memory: 522 megabytes
    Info: Processing ended: Sat Dec 07 22:06:41 2013
    Info: Elapsed time: 00:00:06
    Info: Total CPU time (on all processors): 00:00:03


