Flow report for DE2_BaseProject
Thu Sep 05 16:43:53 2013
Quartus II 64-Bit Version 13.0.0 Build 156 04/24/2013 SJ Full Version


---------------------
; Table of Contents ;
---------------------
  1. Legal Notice
  2. Flow Summary
  3. Flow Settings
  4. Flow Non-Default Global Settings
  5. Flow Elapsed Time
  6. Flow OS Summary
  7. Flow Log
  8. Flow Messages
  9. Flow Suppressed Messages



----------------
; Legal Notice ;
----------------
Copyright (C) 1991-2013 Altera Corporation
Your use of Altera Corporation's design tools, logic functions 
and other software and tools, and its AMPP partner logic 
functions, and any output files from any of the foregoing 
(including device programming or simulation files), and any 
associated documentation or information are expressly subject 
to the terms and conditions of the Altera Program License 
Subscription Agreement, Altera MegaCore Function License 
Agreement, or other applicable license agreement, including, 
without limitation, that your use is for the sole purpose of 
programming logic devices manufactured by Altera and sold by 
Altera or its authorized distributors.  Please refer to the 
applicable agreement for further details.



+----------------------------------------------------------------------------------+
; Flow Summary                                                                     ;
+------------------------------------+---------------------------------------------+
; Flow Status                        ; Successful - Thu Sep 05 16:43:53 2013       ;
; Quartus II 64-Bit Version          ; 13.0.0 Build 156 04/24/2013 SJ Full Version ;
; Revision Name                      ; DE2_BaseProject                             ;
; Top-level Entity Name              ; DE2_TOP                                     ;
; Family                             ; Cyclone II                                  ;
; Device                             ; EP2C35F672C6                                ;
; Timing Models                      ; Final                                       ;
; Total logic elements               ; 70 / 33,216 ( < 1 % )                       ;
;     Total combinational functions  ; 70 / 33,216 ( < 1 % )                       ;
;     Dedicated logic registers      ; 50 / 33,216 ( < 1 % )                       ;
; Total registers                    ; 50                                          ;
; Total pins                         ; 425 / 475 ( 89 % )                          ;
; Total virtual pins                 ; 0                                           ;
; Total memory bits                  ; 0 / 483,840 ( 0 % )                         ;
; Embedded Multiplier 9-bit elements ; 0 / 70 ( 0 % )                              ;
; Total PLLs                         ; 0 / 4 ( 0 % )                               ;
+------------------------------------+---------------------------------------------+


+-----------------------------------------+
; Flow Settings                           ;
+-------------------+---------------------+
; Option            ; Setting             ;
+-------------------+---------------------+
; Start date & time ; 09/05/2013 16:43:31 ;
; Main task         ; Compilation         ;
; Revision Name     ; DE2_BaseProject     ;
+-------------------+---------------------+


+-------------------------------------------------------------------------------------------------------------------------------------+
; Flow Non-Default Global Settings                                                                                                    ;
+--------------------------------------------+---------------------------------------+-----------------+-------------+----------------+
; Assignment Name                            ; Value                                 ; Default Value   ; Entity Name ; Section Id     ;
+--------------------------------------------+---------------------------------------+-----------------+-------------+----------------+
; COMPILER_SIGNATURE_ID                      ; 203178703680488.137841381103668       ; --              ; --          ; --             ;
; EDA_INCLUDE_VHDL_CONFIGURATION_DECLARATION ; Off                                   ; --              ; --          ; eda_simulation ;
; EDA_OUTPUT_DATA_FORMAT                     ; Vhdl                                  ; --              ; --          ; eda_simulation ;
; EDA_SIMULATION_TOOL                        ; ModelSim-Altera (VHDL)                ; <None>          ; --          ; --             ;
; MAX_CORE_JUNCTION_TEMP                     ; 85                                    ; --              ; --          ; --             ;
; MIN_CORE_JUNCTION_TEMP                     ; 0                                     ; --              ; --          ; --             ;
; PARTITION_COLOR                            ; 14622752                              ; --              ; DE2_TOP     ; Top            ;
; PARTITION_FITTER_PRESERVATION_LEVEL        ; PLACEMENT_AND_ROUTING                 ; --              ; DE2_TOP     ; Top            ;
; PARTITION_NETLIST_TYPE                     ; SOURCE                                ; --              ; DE2_TOP     ; Top            ;
; POWER_BOARD_THERMAL_MODEL                  ; None (CONSERVATIVE)                   ; --              ; --          ; --             ;
; POWER_PRESET_COOLING_SOLUTION              ; 23 MM HEAT SINK WITH 200 LFPM AIRFLOW ; --              ; --          ; --             ;
; TOP_LEVEL_ENTITY                           ; DE2_TOP                               ; DE2_BaseProject ; --          ; --             ;
+--------------------------------------------+---------------------------------------+-----------------+-------------+----------------+


+-------------------------------------------------------------------------------------------------------------------------------+
; Flow Elapsed Time                                                                                                             ;
+---------------------------+--------------+-------------------------+---------------------+------------------------------------+
; Module Name               ; Elapsed Time ; Average Processors Used ; Peak Virtual Memory ; Total CPU Time (on all processors) ;
+---------------------------+--------------+-------------------------+---------------------+------------------------------------+
; Analysis & Synthesis      ; 00:00:04     ; 1.0                     ; 487 MB              ; 00:00:01                           ;
; Fitter                    ; 00:00:09     ; 1.5                     ; 1087 MB             ; 00:00:07                           ;
; Assembler                 ; 00:00:04     ; 1.0                     ; 432 MB              ; 00:00:02                           ;
; TimeQuest Timing Analyzer ; 00:00:03     ; 1.0                     ; 431 MB              ; 00:00:01                           ;
; EDA Netlist Writer        ; 00:00:03     ; 1.0                     ; 380 MB              ; 00:00:00                           ;
; Total                     ; 00:00:23     ; --                      ; --                  ; 00:00:11                           ;
+---------------------------+--------------+-------------------------+---------------------+------------------------------------+


+----------------------------------------------------------------------------------------+
; Flow OS Summary                                                                        ;
+---------------------------+------------------+-----------+------------+----------------+
; Module Name               ; Machine Hostname ; OS Name   ; OS Version ; Processor type ;
+---------------------------+------------------+-----------+------------+----------------+
; Analysis & Synthesis      ; 156TR4120CA-06   ; Windows 7 ; 6.1        ; x86_64         ;
; Fitter                    ; 156TR4120CA-06   ; Windows 7 ; 6.1        ; x86_64         ;
; Assembler                 ; 156TR4120CA-06   ; Windows 7 ; 6.1        ; x86_64         ;
; TimeQuest Timing Analyzer ; 156TR4120CA-06   ; Windows 7 ; 6.1        ; x86_64         ;
; EDA Netlist Writer        ; 156TR4120CA-06   ; Windows 7 ; 6.1        ; x86_64         ;
+---------------------------+------------------+-----------+------------+----------------+


------------
; Flow Log ;
------------
quartus_map --read_settings_files=on --write_settings_files=off DE2_BaseProject -c DE2_BaseProject
quartus_fit --read_settings_files=off --write_settings_files=off DE2_BaseProject -c DE2_BaseProject
quartus_asm --read_settings_files=off --write_settings_files=off DE2_BaseProject -c DE2_BaseProject
quartus_sta DE2_BaseProject -c DE2_BaseProject
quartus_eda --read_settings_files=off --write_settings_files=off DE2_BaseProject -c DE2_BaseProject



