Info: Starting: Create simulation model
Info: ip-generate --project-directory=C:/Users/pwhite8/vlsi/fpga/ --output-directory=C:/Users/pwhite8/vlsi/fpga/first_nios2_system/simulation/ --file-set=SIM_VHDL --report-file=sopcinfo:C:/Users/pwhite8/vlsi/fpga/first_nios2_system.sopcinfo --report-file=html:C:/Users/pwhite8/vlsi/fpga/first_nios2_system.html --report-file=sip:C:/Users/pwhite8/vlsi/fpga/first_nios2_system/simulation/first_nios2_system.sip --report-file=csv:C:/Users/pwhite8/vlsi/fpga/first_nios2_system.csv --report-file=spd:C:/Users/pwhite8/vlsi/fpga/first_nios2_system.spd --report-file=cmp:C:/Users/pwhite8/vlsi/fpga/first_nios2_system.cmp --system-info=DEVICE_FAMILY="Cyclone II" --system-info=DEVICE=EP2C35F672C6 --system-info=DEVICE_SPEEDGRADE=6 --component-file=C:/Users/pwhite8/vlsi/fpga/first_nios2_system.qsys
Progress: Loading fpga/first_nios2_system.qsys
Progress: Reading input file
Progress: Adding clk_0 [clock_source 13.0]
Progress: Parameterizing module clk_0
Progress: Adding onchip_mem [altera_avalon_onchip_memory2 13.0.1]
Progress: Parameterizing module onchip_mem
Progress: Adding cpu [altera_nios2_qsys 13.0]
Progress: Parameterizing module cpu
Progress: Adding led_pio [altera_avalon_pio 13.0.1]
Progress: Parameterizing module led_pio
Progress: Adding jtag_uart [altera_avalon_jtag_uart 13.0.1]
Progress: Parameterizing module jtag_uart
Progress: Adding sys_clk_timer [altera_avalon_timer 13.0.1]
Progress: Parameterizing module sys_clk_timer
Progress: Adding sysid [altera_avalon_sysid_qsys 13.0]
Progress: Parameterizing module sysid
Progress: Adding regfile [regfile 1.0]
Progress: Parameterizing module regfile
Progress: Building connections
Progress: Parameterizing connections
Progress: Validating
Progress: Done reading input file
Info: first_nios2_system.sysid: System ID is not assigned automatically. Edit the System ID parameter to provide a unique ID
Info: first_nios2_system.sysid: Time stamp will be automatically updated when this component is generated.
Warning: first_nios2_system.regfile: The SIM_VHDL fileset must specify the top-level module name.
Info: first_nios2_system: Generating first_nios2_system "first_nios2_system" for SIM_VHDL
Info: pipeline_bridge_swap_transform: After transform: 8 modules, 32 connections
Info: No custom instruction connections, skipping transform 
Info: merlin_translator_transform: After transform: 17 modules, 60 connections
Info: merlin_domain_transform: After transform: 34 modules, 147 connections
Info: merlin_router_transform: After transform: 43 modules, 175 connections
Info: merlin_traffic_limiter_transform: After transform: 44 modules, 179 connections
Info: reset_adaptation_transform: After transform: 46 modules, 178 connections
Info: merlin_network_to_switch_transform: After transform: 63 modules, 224 connections
Info: limiter_update_transform: After transform: 63 modules, 225 connections
Info: merlin_mm_transform: After transform: 63 modules, 225 connections
Info: merlin_interrupt_mapper_transform: After transform: 64 modules, 228 connections
Info: onchip_mem: Starting RTL generation for module 'first_nios2_system_onchip_mem'
Info: onchip_mem:   Generation command is [exec C:/altera/13.0/quartus/bin/perl/bin/perl.exe -I C:/altera/13.0/quartus/common/ip/altera/common/perl/5.8.3 -I C:/altera/13.0/quartus/sopc_builder/bin/europa -I C:/altera/13.0/quartus/sopc_builder/bin/perl_lib -I C:/altera/13.0/quartus/sopc_builder/bin -I C:/altera/13.0/quartus/../ip/altera/sopc_builder_ip/common -I C:/altera/13.0/quartus/../ip/altera/sopc_builder_ip/altera_avalon_onchip_memory2 -- C:/altera/13.0/quartus/../ip/altera/sopc_builder_ip/altera_avalon_onchip_memory2/generate_rtl.pl --name=first_nios2_system_onchip_mem --dir=C:/Users/pwhite8/AppData/Local/Temp/alt5973_6234607041018748792.dir/0001_onchip_mem_gen/ --quartus_dir=C:/altera/13.0/quartus --vhdl --config=C:/Users/pwhite8/AppData/Local/Temp/alt5973_6234607041018748792.dir/0001_onchip_mem_gen//first_nios2_system_onchip_mem_component_configuration.pl  --do_build_sim=1    --sim_dir=C:/Users/pwhite8/AppData/Local/Temp/alt5973_6234607041018748792.dir/0001_onchip_mem_gen/  ]
Info: onchip_mem: Done RTL generation for module 'first_nios2_system_onchip_mem'
Info: onchip_mem: "first_nios2_system" instantiated altera_avalon_onchip_memory2 "onchip_mem"
Info: cpu: Starting RTL generation for module 'first_nios2_system_cpu'
Info: cpu:   Generation command is [exec C:/altera/13.0/quartus/../ip/altera/nios2_ip/altera_nios2/eperl.exe -I C:/altera/13.0/quartus/common/ip/altera/common/perl/5.8.3 -I C:/altera/13.0/quartus/sopc_builder/bin/europa -I C:/altera/13.0/quartus/sopc_builder/bin/perl_lib -I C:/altera/13.0/quartus/sopc_builder/bin -I C:/altera/13.0/quartus/../ip/altera/nios2_ip/altera_nios2/cpu_lib -I C:/altera/13.0/quartus/../ip/altera/nios2_ip/altera_nios2/nios_lib -I C:/altera/13.0/quartus/../ip/altera/nios2_ip/altera_nios2 -I C:/altera/13.0/quartus/../ip/altera/nios2_ip/altera_nios2 -- C:/altera/13.0/quartus/../ip/altera/nios2_ip/altera_nios2/generate_rtl.epl --name=first_nios2_system_cpu --dir=C:/Users/pwhite8/AppData/Local/Temp/alt5973_6234607041018748792.dir/0002_cpu_gen/ --quartus_dir=C:/altera/13.0/quartus --vhdl --config=C:/Users/pwhite8/AppData/Local/Temp/alt5973_6234607041018748792.dir/0002_cpu_gen//first_nios2_system_cpu_processor_configuration.pl  --do_build_sim=1    --sim_dir=C:/Users/pwhite8/AppData/Local/Temp/alt5973_6234607041018748792.dir/0002_cpu_gen/    --bogus  ]
Info: cpu: # 2013.09.25 17:18:46 (*) Starting Nios II generation
Info: cpu: # 2013.09.25 17:18:46 (*)   Checking for plaintext license.
Info: cpu: # 2013.09.25 17:18:46 (*)   Couldn't query license setup in Quartus directory C:/altera/13.0/quartus
Info: cpu: # 2013.09.25 17:18:46 (*)   Defaulting to contents of LM_LICENSE_FILE environment variable
Info: cpu: # 2013.09.25 17:18:47 (*)   Plaintext license not found.
Info: cpu: # 2013.09.25 17:18:47 (*)   Checking for encrypted license (non-evaluation).
Info: cpu: # 2013.09.25 17:18:48 (*)   Couldn't query license setup in Quartus directory C:/altera/13.0/quartus
Info: cpu: # 2013.09.25 17:18:48 (*)   Defaulting to contents of LM_LICENSE_FILE environment variable
Info: cpu: # 2013.09.25 17:18:49 (*)   Encrypted license found.  SOF will not be time-limited.
Info: cpu: # 2013.09.25 17:18:49 (*)   Elaborating CPU configuration settings
Info: cpu: # 2013.09.25 17:18:49 (*)   Creating all objects for CPU
Info: cpu: # 2013.09.25 17:18:50 (*)     Pipeline frontend
Info: cpu: # 2013.09.25 17:18:51 (*)   Creating 'C:/Users/pwhite8/AppData/Local/Temp/alt5973_6234607041018748792.dir/0002_cpu_gen//first_nios2_system_cpu_nios2_waves.do'
Info: cpu: # 2013.09.25 17:18:51 (*)   Generating RTL from CPU objects
Info: cpu: # 2013.09.25 17:18:55 (*)   Creating encrypted RTL
Info: cpu: # 2013.09.25 17:18:57 (*)   Creating IP functional simulation model
Info: cpu: # 2013.09.25 17:19:06 (*) Done Nios II generation
Info: cpu: Done RTL generation for module 'first_nios2_system_cpu'
Info: cpu: "first_nios2_system" instantiated altera_nios2_qsys "cpu"
Info: led_pio: Starting RTL generation for module 'first_nios2_system_led_pio'
Info: led_pio:   Generation command is [exec C:/altera/13.0/quartus/bin/perl/bin/perl.exe -I C:/altera/13.0/quartus/common/ip/altera/common/perl/5.8.3 -I C:/altera/13.0/quartus/sopc_builder/bin/europa -I C:/altera/13.0/quartus/sopc_builder/bin/perl_lib -I C:/altera/13.0/quartus/sopc_builder/bin -I C:/altera/13.0/quartus/../ip/altera/sopc_builder_ip/common -I C:/altera/13.0/quartus/../ip/altera/sopc_builder_ip/altera_avalon_pio -- C:/altera/13.0/quartus/../ip/altera/sopc_builder_ip/altera_avalon_pio/generate_rtl.pl --name=first_nios2_system_led_pio --dir=C:/Users/pwhite8/AppData/Local/Temp/alt5973_6234607041018748792.dir/0003_led_pio_gen/ --quartus_dir=C:/altera/13.0/quartus --vhdl --config=C:/Users/pwhite8/AppData/Local/Temp/alt5973_6234607041018748792.dir/0003_led_pio_gen//first_nios2_system_led_pio_component_configuration.pl  --do_build_sim=1    --sim_dir=C:/Users/pwhite8/AppData/Local/Temp/alt5973_6234607041018748792.dir/0003_led_pio_gen/  ]
Info: led_pio: Done RTL generation for module 'first_nios2_system_led_pio'
Info: led_pio: "first_nios2_system" instantiated altera_avalon_pio "led_pio"
Info: jtag_uart: Starting RTL generation for module 'first_nios2_system_jtag_uart'
Info: jtag_uart:   Generation command is [exec C:/altera/13.0/quartus/bin/perl/bin/perl.exe -I C:/altera/13.0/quartus/common/ip/altera/common/perl/5.8.3 -I C:/altera/13.0/quartus/sopc_builder/bin/europa -I C:/altera/13.0/quartus/sopc_builder/bin/perl_lib -I C:/altera/13.0/quartus/sopc_builder/bin -I C:/altera/13.0/quartus/../ip/altera/sopc_builder_ip/common -I C:/altera/13.0/quartus/../ip/altera/sopc_builder_ip/altera_avalon_jtag_uart -- C:/altera/13.0/quartus/../ip/altera/sopc_builder_ip/altera_avalon_jtag_uart/generate_rtl.pl --name=first_nios2_system_jtag_uart --dir=C:/Users/pwhite8/AppData/Local/Temp/alt5973_6234607041018748792.dir/0004_jtag_uart_gen/ --quartus_dir=C:/altera/13.0/quartus --vhdl --config=C:/Users/pwhite8/AppData/Local/Temp/alt5973_6234607041018748792.dir/0004_jtag_uart_gen//first_nios2_system_jtag_uart_component_configuration.pl  --do_build_sim=1    --sim_dir=C:/Users/pwhite8/AppData/Local/Temp/alt5973_6234607041018748792.dir/0004_jtag_uart_gen/  ]
Info: jtag_uart: Done RTL generation for module 'first_nios2_system_jtag_uart'
Info: jtag_uart: "first_nios2_system" instantiated altera_avalon_jtag_uart "jtag_uart"
Info: sys_clk_timer: Starting RTL generation for module 'first_nios2_system_sys_clk_timer'
Info: sys_clk_timer:   Generation command is [exec C:/altera/13.0/quartus/bin/perl/bin/perl.exe -I C:/altera/13.0/quartus/common/ip/altera/common/perl/5.8.3 -I C:/altera/13.0/quartus/sopc_builder/bin/europa -I C:/altera/13.0/quartus/sopc_builder/bin/perl_lib -I C:/altera/13.0/quartus/sopc_builder/bin -I C:/altera/13.0/quartus/../ip/altera/sopc_builder_ip/common -I C:/altera/13.0/quartus/../ip/altera/sopc_builder_ip/altera_avalon_timer -- C:/altera/13.0/quartus/../ip/altera/sopc_builder_ip/altera_avalon_timer/generate_rtl.pl --name=first_nios2_system_sys_clk_timer --dir=C:/Users/pwhite8/AppData/Local/Temp/alt5973_6234607041018748792.dir/0005_sys_clk_timer_gen/ --quartus_dir=C:/altera/13.0/quartus --vhdl --config=C:/Users/pwhite8/AppData/Local/Temp/alt5973_6234607041018748792.dir/0005_sys_clk_timer_gen//first_nios2_system_sys_clk_timer_component_configuration.pl  --do_build_sim=1    --sim_dir=C:/Users/pwhite8/AppData/Local/Temp/alt5973_6234607041018748792.dir/0005_sys_clk_timer_gen/  ]
Info: sys_clk_timer: Done RTL generation for module 'first_nios2_system_sys_clk_timer'
Info: sys_clk_timer: "first_nios2_system" instantiated altera_avalon_timer "sys_clk_timer"
Info: sysid: Generating VHDL simulation model
Info: sysid: Generated simulation model first_nios2_system_sysid.vho
Info: sysid: "first_nios2_system" instantiated altera_avalon_sysid_qsys "sysid"
Info: regfile: "first_nios2_system" instantiated regfile "regfile"
Info: cpu_instruction_master_translator: "first_nios2_system" instantiated altera_merlin_master_translator "cpu_instruction_master_translator"
Info: cpu_jtag_debug_module_translator: "first_nios2_system" instantiated altera_merlin_slave_translator "cpu_jtag_debug_module_translator"
Info: cpu_instruction_master_translator_avalon_universal_master_0_agent: "first_nios2_system" instantiated altera_merlin_master_agent "cpu_instruction_master_translator_avalon_universal_master_0_agent"
Info: cpu_jtag_debug_module_translator_avalon_universal_slave_0_agent: "first_nios2_system" instantiated altera_merlin_slave_agent "cpu_jtag_debug_module_translator_avalon_universal_slave_0_agent"
Info: cpu_jtag_debug_module_translator_avalon_universal_slave_0_agent_rsp_fifo: Generating VHDL simulation model
Info: cpu_jtag_debug_module_translator_avalon_universal_slave_0_agent_rsp_fifo: Generated simulation model first_nios2_system_cpu_jtag_debug_module_translator_avalon_universal_slave_0_agent_rsp_fifo.vho
Info: cpu_jtag_debug_module_translator_avalon_universal_slave_0_agent_rsp_fifo: "first_nios2_system" instantiated altera_avalon_sc_fifo "cpu_jtag_debug_module_translator_avalon_universal_slave_0_agent_rsp_fifo"
Info: addr_router: "first_nios2_system" instantiated altera_merlin_router "addr_router"
Info: id_router: "first_nios2_system" instantiated altera_merlin_router "id_router"
Info: limiter: "first_nios2_system" instantiated altera_merlin_traffic_limiter "limiter"
Info: rst_controller: "first_nios2_system" instantiated altera_reset_controller "rst_controller"
Info: cmd_xbar_demux: Generating VHDL simulation model
Info: cmd_xbar_demux: Generated simulation model first_nios2_system_cmd_xbar_demux.vho
Info: cmd_xbar_demux: "first_nios2_system" instantiated altera_merlin_demultiplexer "cmd_xbar_demux"
Info: cmd_xbar_demux_001: Generating VHDL simulation model
Info: cmd_xbar_demux_001: Generated simulation model first_nios2_system_cmd_xbar_demux_001.vho
Info: cmd_xbar_demux_001: "first_nios2_system" instantiated altera_merlin_demultiplexer "cmd_xbar_demux_001"
Info: cmd_xbar_mux: Generating VHDL simulation model
Info: cmd_xbar_mux: Generated simulation model first_nios2_system_cmd_xbar_mux.vho
Info: cmd_xbar_mux: "first_nios2_system" instantiated altera_merlin_multiplexer "cmd_xbar_mux"
Info: rsp_xbar_demux: Generating VHDL simulation model
Info: rsp_xbar_demux: Generated simulation model first_nios2_system_rsp_xbar_demux.vho
Info: rsp_xbar_demux: "first_nios2_system" instantiated altera_merlin_demultiplexer "rsp_xbar_demux"
Info: rsp_xbar_mux: Generating VHDL simulation model
Info: rsp_xbar_mux: Generated simulation model first_nios2_system_rsp_xbar_mux.vho
Info: rsp_xbar_mux: "first_nios2_system" instantiated altera_merlin_multiplexer "rsp_xbar_mux"
Error: Generation stopped, 13 or more modules remaining
Info: first_nios2_system: Done first_nios2_system" with 23 modules, 137 files, 6399503 bytes
Error: ip-generate failed with exit code 1: 1 Error, 1 Warning
Info: Stopping: Create simulation model
