Info: Starting: Create block symbol file (.bsf)
Info: ip-generate --project-directory=C:/Users/pwhite8/vlsi/fpga/ --output-directory=C:/Users/pwhite8/vlsi/fpga/first_nios2_system/ --report-file=bsf:C:/Users/pwhite8/vlsi/fpga/first_nios2_system.bsf --system-info=DEVICE_FAMILY="Cyclone II" --system-info=DEVICE=EP2C35F672C6 --system-info=DEVICE_SPEEDGRADE=6 --component-file=C:/Users/pwhite8/vlsi/fpga/first_nios2_system.qsys
Progress: Loading fpga/first_nios2_system.qsys
Progress: Reading input file
Progress: Adding clk_0 [clock_source 13.0]
Progress: Parameterizing module clk_0
Progress: Adding onchip_mem [altera_avalon_onchip_memory2 13.0.1]
Progress: Parameterizing module onchip_mem
Progress: Adding cpu [altera_nios2_qsys 13.0]
Progress: Parameterizing module cpu
Progress: Adding led_pio [altera_avalon_pio 13.0.1]
Progress: Parameterizing module led_pio
Progress: Adding regfile_0 [regfile 1.0]
Progress: Parameterizing module regfile_0
Progress: Building connections
Progress: Parameterizing connections
Progress: Validating
Progress: Done reading input file
Info: ip-generate succeeded.
Info: Finished: Create block symbol file (.bsf)
Info: 
Info: Starting: Create HDL design files for synthesis
Info: ip-generate --project-directory=C:/Users/pwhite8/vlsi/fpga/ --output-directory=C:/Users/pwhite8/vlsi/fpga/first_nios2_system/synthesis/ --file-set=QUARTUS_SYNTH --report-file=sopcinfo:C:/Users/pwhite8/vlsi/fpga/first_nios2_system.sopcinfo --report-file=html:C:/Users/pwhite8/vlsi/fpga/first_nios2_system.html --report-file=qip:C:/Users/pwhite8/vlsi/fpga/first_nios2_system/synthesis/first_nios2_system.qip --report-file=cmp:C:/Users/pwhite8/vlsi/fpga/first_nios2_system.cmp --system-info=DEVICE_FAMILY="Cyclone II" --system-info=DEVICE=EP2C35F672C6 --system-info=DEVICE_SPEEDGRADE=6 --component-file=C:/Users/pwhite8/vlsi/fpga/first_nios2_system.qsys --language=VHDL
Progress: Loading fpga/first_nios2_system.qsys
Progress: Reading input file
Progress: Adding clk_0 [clock_source 13.0]
Progress: Parameterizing module clk_0
Progress: Adding onchip_mem [altera_avalon_onchip_memory2 13.0.1]
Progress: Parameterizing module onchip_mem
Progress: Adding cpu [altera_nios2_qsys 13.0]
Progress: Parameterizing module cpu
Progress: Adding led_pio [altera_avalon_pio 13.0.1]
Progress: Parameterizing module led_pio
Progress: Adding regfile_0 [regfile 1.0]
Progress: Parameterizing module regfile_0
Progress: Building connections
Progress: Parameterizing connections
Progress: Validating
Progress: Done reading input file
Info: first_nios2_system: Generating first_nios2_system "first_nios2_system" for QUARTUS_SYNTH
Info: pipeline_bridge_swap_transform: After transform: 5 modules, 21 connections
Info: No custom instruction connections, skipping transform 
Info: merlin_translator_transform: After transform: 11 modules, 45 connections
Info: merlin_domain_transform: After transform: 22 modules, 115 connections
Info: merlin_router_transform: After transform: 28 modules, 139 connections
Info: merlin_traffic_limiter_transform: After transform: 29 modules, 144 connections
Info: reset_adaptation_transform: After transform: 30 modules, 114 connections
Info: merlin_network_to_switch_transform: After transform: 41 modules, 142 connections
Info: limiter_update_transform: After transform: 41 modules, 143 connections
Info: merlin_mm_transform: After transform: 41 modules, 143 connections
Info: merlin_interrupt_mapper_transform: After transform: 42 modules, 146 connections
Info: onchip_mem: Starting RTL generation for module 'first_nios2_system_onchip_mem'
Info: onchip_mem:   Generation command is [exec C:/altera/13.0/quartus/bin/perl/bin/perl.exe -I C:/altera/13.0/quartus/common/ip/altera/common/perl/5.8.3 -I C:/altera/13.0/quartus/sopc_builder/bin/europa -I C:/altera/13.0/quartus/sopc_builder/bin/perl_lib -I C:/altera/13.0/quartus/sopc_builder/bin -I C:/altera/13.0/quartus/../ip/altera/sopc_builder_ip/common -I C:/altera/13.0/quartus/../ip/altera/sopc_builder_ip/altera_avalon_onchip_memory2 -- C:/altera/13.0/quartus/../ip/altera/sopc_builder_ip/altera_avalon_onchip_memory2/generate_rtl.pl --name=first_nios2_system_onchip_mem --dir=C:/Users/pwhite8/AppData/Local/Temp/alt5972_3895276304469607480.dir/0001_onchip_mem_gen/ --quartus_dir=C:/altera/13.0/quartus --verilog --config=C:/Users/pwhite8/AppData/Local/Temp/alt5972_3895276304469607480.dir/0001_onchip_mem_gen//first_nios2_system_onchip_mem_component_configuration.pl  --do_build_sim=0  ]
Info: onchip_mem: Done RTL generation for module 'first_nios2_system_onchip_mem'
Info: onchip_mem: "first_nios2_system" instantiated altera_avalon_onchip_memory2 "onchip_mem"
Info: cpu: Starting RTL generation for module 'first_nios2_system_cpu'
Info: cpu:   Generation command is [exec C:/altera/13.0/quartus/../ip/altera/nios2_ip/altera_nios2/eperl.exe -I C:/altera/13.0/quartus/common/ip/altera/common/perl/5.8.3 -I C:/altera/13.0/quartus/sopc_builder/bin/europa -I C:/altera/13.0/quartus/sopc_builder/bin/perl_lib -I C:/altera/13.0/quartus/sopc_builder/bin -I C:/altera/13.0/quartus/../ip/altera/nios2_ip/altera_nios2/cpu_lib -I C:/altera/13.0/quartus/../ip/altera/nios2_ip/altera_nios2/nios_lib -I C:/altera/13.0/quartus/../ip/altera/nios2_ip/altera_nios2 -I C:/altera/13.0/quartus/../ip/altera/nios2_ip/altera_nios2 -- C:/altera/13.0/quartus/../ip/altera/nios2_ip/altera_nios2/generate_rtl.epl --name=first_nios2_system_cpu --dir=C:/Users/pwhite8/AppData/Local/Temp/alt5972_3895276304469607480.dir/0002_cpu_gen/ --quartus_dir=C:/altera/13.0/quartus --verilog --config=C:/Users/pwhite8/AppData/Local/Temp/alt5972_3895276304469607480.dir/0002_cpu_gen//first_nios2_system_cpu_processor_configuration.pl  --do_build_sim=0    --bogus  ]
Info: cpu: # 2013.09.24 18:47:56 (*) Starting Nios II generation
Info: cpu: # 2013.09.24 18:47:56 (*)   Checking for plaintext license.
Info: cpu: # 2013.09.24 18:47:56 (*)   Couldn't query license setup in Quartus directory C:/altera/13.0/quartus
Info: cpu: # 2013.09.24 18:47:56 (*)   Defaulting to contents of LM_LICENSE_FILE environment variable
Info: cpu: # 2013.09.24 18:47:57 (*)   Plaintext license not found.
Info: cpu: # 2013.09.24 18:47:57 (*)   Checking for encrypted license (non-evaluation).
Info: cpu: # 2013.09.24 18:47:58 (*)   Couldn't query license setup in Quartus directory C:/altera/13.0/quartus
Info: cpu: # 2013.09.24 18:47:58 (*)   Defaulting to contents of LM_LICENSE_FILE environment variable
Info: cpu: # 2013.09.24 18:47:59 (*)   Encrypted license found.  SOF will not be time-limited.
Info: cpu: # 2013.09.24 18:47:59 (*)   Elaborating CPU configuration settings
Info: cpu: # 2013.09.24 18:47:59 (*)   Creating all objects for CPU
Info: cpu: # 2013.09.24 18:48:00 (*)     Pipeline frontend
Info: cpu: # 2013.09.24 18:48:01 (*)   Generating RTL from CPU objects
Info: cpu: # 2013.09.24 18:48:03 (*)   Creating encrypted RTL
Info: cpu: # 2013.09.24 18:48:04 (*) Done Nios II generation
Info: cpu: Done RTL generation for module 'first_nios2_system_cpu'
Info: cpu: "first_nios2_system" instantiated altera_nios2_qsys "cpu"
Info: led_pio: Starting RTL generation for module 'first_nios2_system_led_pio'
Info: led_pio:   Generation command is [exec C:/altera/13.0/quartus/bin/perl/bin/perl.exe -I C:/altera/13.0/quartus/common/ip/altera/common/perl/5.8.3 -I C:/altera/13.0/quartus/sopc_builder/bin/europa -I C:/altera/13.0/quartus/sopc_builder/bin/perl_lib -I C:/altera/13.0/quartus/sopc_builder/bin -I C:/altera/13.0/quartus/../ip/altera/sopc_builder_ip/common -I C:/altera/13.0/quartus/../ip/altera/sopc_builder_ip/altera_avalon_pio -- C:/altera/13.0/quartus/../ip/altera/sopc_builder_ip/altera_avalon_pio/generate_rtl.pl --name=first_nios2_system_led_pio --dir=C:/Users/pwhite8/AppData/Local/Temp/alt5972_3895276304469607480.dir/0003_led_pio_gen/ --quartus_dir=C:/altera/13.0/quartus --verilog --config=C:/Users/pwhite8/AppData/Local/Temp/alt5972_3895276304469607480.dir/0003_led_pio_gen//first_nios2_system_led_pio_component_configuration.pl  --do_build_sim=0  ]
Info: led_pio: Done RTL generation for module 'first_nios2_system_led_pio'
Info: led_pio: "first_nios2_system" instantiated altera_avalon_pio "led_pio"
Info: regfile_0: "first_nios2_system" instantiated regfile "regfile_0"
Info: cpu_instruction_master_translator: "first_nios2_system" instantiated altera_merlin_master_translator "cpu_instruction_master_translator"
Info: cpu_jtag_debug_module_translator: "first_nios2_system" instantiated altera_merlin_slave_translator "cpu_jtag_debug_module_translator"
Info: cpu_instruction_master_translator_avalon_universal_master_0_agent: "first_nios2_system" instantiated altera_merlin_master_agent "cpu_instruction_master_translator_avalon_universal_master_0_agent"
Info: cpu_jtag_debug_module_translator_avalon_universal_slave_0_agent: "first_nios2_system" instantiated altera_merlin_slave_agent "cpu_jtag_debug_module_translator_avalon_universal_slave_0_agent"
Info: cpu_jtag_debug_module_translator_avalon_universal_slave_0_agent_rsp_fifo: "first_nios2_system" instantiated altera_avalon_sc_fifo "cpu_jtag_debug_module_translator_avalon_universal_slave_0_agent_rsp_fifo"
Info: addr_router: "first_nios2_system" instantiated altera_merlin_router "addr_router"
Info: id_router: "first_nios2_system" instantiated altera_merlin_router "id_router"
Info: limiter: "first_nios2_system" instantiated altera_merlin_traffic_limiter "limiter"
Info: rst_controller: "first_nios2_system" instantiated altera_reset_controller "rst_controller"
Info: cmd_xbar_demux: "first_nios2_system" instantiated altera_merlin_demultiplexer "cmd_xbar_demux"
Info: cmd_xbar_demux_001: "first_nios2_system" instantiated altera_merlin_demultiplexer "cmd_xbar_demux_001"
Info: cmd_xbar_mux: "first_nios2_system" instantiated altera_merlin_multiplexer "cmd_xbar_mux"
Info: rsp_xbar_demux: "first_nios2_system" instantiated altera_merlin_demultiplexer "rsp_xbar_demux"
Info: rsp_xbar_mux: "first_nios2_system" instantiated altera_merlin_multiplexer "rsp_xbar_mux"
Info: Reusing file C:/Users/pwhite8/vlsi/fpga/first_nios2_system/synthesis/submodules/altera_merlin_arbitrator.sv
Info: irq_mapper: "first_nios2_system" instantiated altera_irq_mapper "irq_mapper"
Info: first_nios2_system: Done first_nios2_system" with 20 modules, 79 files, 1643382 bytes
Info: ip-generate succeeded.
Info: Finished: Create HDL design files for synthesis
