Flow report for DE2_BaseProject
Wed Sep 09 14:17:23 2009
Quartus II Version 9.0 Build 235 06/17/2009 Service Pack 2 SJ Full Version


---------------------
; Table of Contents ;
---------------------
  1. Legal Notice
  2. Flow Summary
  3. Flow Settings
  4. Flow Non-Default Global Settings
  5. Flow Elapsed Time
  6. Flow OS Summary
  7. Flow Log



----------------
; Legal Notice ;
----------------
Copyright (C) 1991-2009 Altera Corporation
Your use of Altera Corporation's design tools, logic functions 
and other software and tools, and its AMPP partner logic 
functions, and any output files from any of the foregoing 
(including device programming or simulation files), and any 
associated documentation or information are expressly subject 
to the terms and conditions of the Altera Program License 
Subscription Agreement, Altera MegaCore Function License 
Agreement, or other applicable license agreement, including, 
without limitation, that your use is for the sole purpose of 
programming logic devices manufactured by Altera and sold by 
Altera or its authorized distributors.  Please refer to the 
applicable agreement for further details.



+------------------------------------------------------------------------------------+
; Flow Summary                                                                       ;
+------------------------------------+-----------------------------------------------+
; Flow Status                        ; Successful - Wed Sep 09 14:17:23 2009         ;
; Quartus II Version                 ; 9.0 Build 235 06/17/2009 SP 2 SJ Full Version ;
; Revision Name                      ; DE2_BaseProject                               ;
; Top-level Entity Name              ; DE2_TOP                                       ;
; Family                             ; Cyclone II                                    ;
; Device                             ; EP2C35F672C6                                  ;
; Timing Models                      ; Final                                         ;
; Met timing requirements            ; Yes                                           ;
; Total logic elements               ; 71 / 33,216 ( < 1 % )                         ;
;     Total combinational functions  ; 71 / 33,216 ( < 1 % )                         ;
;     Dedicated logic registers      ; 50 / 33,216 ( < 1 % )                         ;
; Total registers                    ; 50                                            ;
; Total pins                         ; 425 / 475 ( 89 % )                            ;
; Total virtual pins                 ; 0                                             ;
; Total memory bits                  ; 0 / 483,840 ( 0 % )                           ;
; Embedded Multiplier 9-bit elements ; 0 / 70 ( 0 % )                                ;
; Total PLLs                         ; 0 / 4 ( 0 % )                                 ;
+------------------------------------+-----------------------------------------------+


+-----------------------------------------+
; Flow Settings                           ;
+-------------------+---------------------+
; Option            ; Setting             ;
+-------------------+---------------------+
; Start date & time ; 09/09/2009 14:17:03 ;
; Main task         ; Compilation         ;
; Revision Name     ; DE2_BaseProject     ;
+-------------------+---------------------+


+---------------------------------------------------------------------------------------------------------------------------+
; Flow Non-Default Global Settings                                                                                          ;
+--------------------------------------------+-----------------------------+-----------------+-------------+----------------+
; Assignment Name                            ; Value                       ; Default Value   ; Entity Name ; Section Id     ;
+--------------------------------------------+-----------------------------+-----------------+-------------+----------------+
; COMPILER_SIGNATURE_ID                      ; 68700148699.125252022304028 ; --              ; --          ; --             ;
; EDA_INCLUDE_VHDL_CONFIGURATION_DECLARATION ; On                          ; --              ; --          ; eda_simulation ;
; EDA_OUTPUT_DATA_FORMAT                     ; Vhdl                        ; --              ; --          ; eda_simulation ;
; EDA_SIMULATION_TOOL                        ; ModelSim (VHDL)             ; <None>          ; --          ; --             ;
; PARTITION_COLOR                            ; 14622752                    ; --              ; DE2_TOP     ; Top            ;
; PARTITION_NETLIST_TYPE                     ; SOURCE                      ; --              ; DE2_TOP     ; Top            ;
; TOP_LEVEL_ENTITY                           ; DE2_TOP                     ; DE2_BaseProject ; --          ; --             ;
+--------------------------------------------+-----------------------------+-----------------+-------------+----------------+


+-----------------------------------------------------------------------------------------------------------------------------+
; Flow Elapsed Time                                                                                                           ;
+-------------------------+--------------+-------------------------+---------------------+------------------------------------+
; Module Name             ; Elapsed Time ; Average Processors Used ; Peak Virtual Memory ; Total CPU Time (on all processors) ;
+-------------------------+--------------+-------------------------+---------------------+------------------------------------+
; Analysis & Synthesis    ; 00:00:03     ; 1.0                     ; 199 MB              ; 00:00:02                           ;
; Fitter                  ; 00:00:09     ; 1.0                     ; 252 MB              ; 00:00:07                           ;
; Assembler               ; 00:00:03     ; 1.0                     ; 220 MB              ; 00:00:03                           ;
; Classic Timing Analyzer ; 00:00:01     ; 1.0                     ; 129 MB              ; 00:00:00                           ;
; EDA Netlist Writer      ; 00:00:02     ; 1.0                     ; 130 MB              ; 00:00:01                           ;
; Total                   ; 00:00:18     ; --                      ; --                  ; 00:00:13                           ;
+-------------------------+--------------+-------------------------+---------------------+------------------------------------+


+---------------------------------------------------------------------------------------+
; Flow OS Summary                                                                       ;
+-------------------------+------------------+------------+------------+----------------+
; Module Name             ; Machine Hostname ; OS Name    ; OS Version ; Processor type ;
+-------------------------+------------------+------------+------------+----------------+
; Analysis & Synthesis    ; 156TR0080ED-677  ; Windows XP ; 5.1        ; i686           ;
; Fitter                  ; 156TR0080ED-677  ; Windows XP ; 5.1        ; i686           ;
; Assembler               ; 156TR0080ED-677  ; Windows XP ; 5.1        ; i686           ;
; Classic Timing Analyzer ; 156TR0080ED-677  ; Windows XP ; 5.1        ; i686           ;
; EDA Netlist Writer      ; 156TR0080ED-677  ; Windows XP ; 5.1        ; i686           ;
+-------------------------+------------------+------------+------------+----------------+


------------
; Flow Log ;
------------
quartus_map --read_settings_files=on --write_settings_files=off DE2_BaseProject -c DE2_BaseProject
quartus_fit --read_settings_files=off --write_settings_files=off DE2_BaseProject -c DE2_BaseProject
quartus_asm --read_settings_files=off --write_settings_files=off DE2_BaseProject -c DE2_BaseProject
quartus_tan --read_settings_files=off --write_settings_files=off DE2_BaseProject -c DE2_BaseProject --timing_analysis_only
quartus_eda --read_settings_files=off --write_settings_files=off DE2_BaseProject -c DE2_BaseProject



